D:\Program Files (x86)\Microsoft Visual Studio\2019\Community\MSBuild\Microsoft\VC\v160\Microsoft.CppBuild.targets(513,5): warning MSB8028: The intermediate directory (Debug\) contains files shared from another project (JH SDL Default.vcxproj, JH T1 Ex1.vcxproj, JH T1 Ex2.vcxproj, JH T2.vcxproj).  This can lead to incorrect clean and rebuild behavior.
  main.cpp
F:\-- Uni --\Year 2\Game Engine Dev\S210105 Game Engine\JH SDL Default\ObjectManager.h(23,2): warning C4091: 'static ': ignored on left of 'ComponentType' when no variable is declared
F:\-- Uni --\Year 2\Game Engine Dev\S210105 Game Engine\JH SDL Default\Time.h(70,51): warning C4244: 'return': conversion from 'clock_t' to 'float', possible loss of data
F:\-- Uni --\Year 2\Game Engine Dev\S210105 Game Engine\JH SDL Default\Physics.h(17,2): warning C4091: 'static ': ignored on left of 'PhysicsType' when no variable is declared
F:\-- Uni --\Year 2\Game Engine Dev\S210105 Game Engine\JH SDL Default\Physics.h(28,2): warning C4091: 'static ': ignored on left of 'OverlapType' when no variable is declared
F:\-- Uni --\Year 2\Game Engine Dev\S210105 Game Engine\JH SDL Default\Game.h(52,21): warning C4018: '<': signed/unsigned mismatch
  Player.cpp
F:\-- Uni --\Year 2\Game Engine Dev\S210105 Game Engine\JH SDL Default\ObjectManager.h(23,2): warning C4091: 'static ': ignored on left of 'ComponentType' when no variable is declared
F:\-- Uni --\Year 2\Game Engine Dev\S210105 Game Engine\JH SDL Default\Physics.h(17,2): warning C4091: 'static ': ignored on left of 'PhysicsType' when no variable is declared
F:\-- Uni --\Year 2\Game Engine Dev\S210105 Game Engine\JH SDL Default\Physics.h(28,2): warning C4091: 'static ': ignored on left of 'OverlapType' when no variable is declared
F:\-- Uni --\Year 2\Game Engine Dev\S210105 Game Engine\JH SDL Default\Transform.h(13,73): warning C4244: 'argument': conversion from 'int' to 'float', possible loss of data
F:\-- Uni --\Year 2\Game Engine Dev\S210105 Game Engine\JH SDL Default\Transform.h(13,70): warning C4244: 'argument': conversion from 'int' to 'float', possible loss of data
F:\-- Uni --\Year 2\Game Engine Dev\S210105 Game Engine\JH SDL Default\Transform.h(36,46): warning C4244: '=': conversion from 'int' to 'float', possible loss of data
F:\-- Uni --\Year 2\Game Engine Dev\S210105 Game Engine\JH SDL Default\Transform.h(39,46): warning C4244: '=': conversion from 'int' to 'float', possible loss of data
  Profiler.cpp
F:\-- Uni --\Year 2\Game Engine Dev\S210105 Game Engine\JH SDL Default\Time.h(70,51): warning C4244: 'return': conversion from 'clock_t' to 'float', possible loss of data
F:\-- Uni --\Year 2\Game Engine Dev\S210105 Game Engine\JH SDL Default\Profiler.cpp(69,19): warning C4244: 'initializing': conversion from 'int' to 'float', possible loss of data
F:\-- Uni --\Year 2\Game Engine Dev\S210105 Game Engine\JH SDL Default\Profiler.cpp(89,38): warning C4244: '=': conversion from 'float' to 'int', possible loss of data
F:\-- Uni --\Year 2\Game Engine Dev\S210105 Game Engine\JH SDL Default\Profiler.cpp(90,38): warning C4244: '=': conversion from 'float' to 'int', possible loss of data
  Generating Code...
  JH SDL Default.vcxproj -> F:\-- Uni --\Year 2\Game Engine Dev\S210105 Game Engine\Debug\S210105 Game Engine.exe
