d:\game engine dev\jh t2\jh sdl default\debug\vc142.pdb
d:\game engine dev\jh t2\jh sdl default\debug\vc142.idb
d:\game engine dev\jh t2\jh sdl default\debug\system.obj
d:\game engine dev\jh t2\jh sdl default\debug\screenmanager.obj
d:\game engine dev\jh t2\jh sdl default\debug\resourcemanager.obj
d:\game engine dev\jh t2\jh sdl default\debug\main.obj
d:\game engine dev\jh t2\jh sdl default\debug\objectmanager.obj
d:\game engine dev\jh t2\jh sdl default\debug\input.obj
d:\game engine dev\jh t2\jh sdl default\debug\gameobject.obj
d:\game engine dev\jh t2\jh sdl default\debug\game.obj
d:\game engine dev\jh t2\debug\jh t2.exe
d:\game engine dev\jh t2\jh sdl default\debug\jh t2.ilk
d:\game engine dev\jh t2\debug\jh t2.pdb
d:\game engine dev\jh t2\jh sdl default\debug\bitmap.obj
d:\game engine dev\jh t2\jh sdl default\debug\i_updateable.obj
d:\game engine dev\jh t2\jh sdl default\debug\jh sdl default.ilk
d:\game engine dev\jh t2\jh sdl default\debug\jh t1 ex1.ilk
d:\game engine dev\jh t2\jh sdl default\debug\jh t1 ex2.ilk
d:\game engine dev\jh t2\debug\jh t2.ilk
d:\game engine dev\jh t2\jh sdl default\debug\jh t2.tlog\cl.command.1.tlog
d:\game engine dev\jh t2\jh sdl default\debug\jh t2.tlog\cl.read.1.tlog
d:\game engine dev\jh t2\jh sdl default\debug\jh t2.tlog\cl.write.1.tlog
d:\game engine dev\jh t2\jh sdl default\debug\jh t2.tlog\link.command.1.tlog
d:\game engine dev\jh t2\jh sdl default\debug\jh t2.tlog\link.read.1.tlog
d:\game engine dev\jh t2\jh sdl default\debug\jh t2.tlog\link.write.1.tlog
