d:\game engine dev\jh t2\jh sdl default\debug\vc142.pdb
d:\game engine dev\jh t2\jh sdl default\debug\vc142.idb
d:\game engine dev\jh t2\jh sdl default\debug\system.obj
d:\game engine dev\jh t2\jh sdl default\debug\screenmanager.obj
d:\game engine dev\jh t2\jh sdl default\debug\resourcemanager.obj
d:\game engine dev\jh t2\jh sdl default\debug\main.obj
d:\game engine dev\jh t2\jh sdl default\debug\objectmanager.obj
d:\game engine dev\jh t2\jh sdl default\debug\input.obj
d:\game engine dev\jh t2\jh sdl default\debug\events.obj
d:\game engine dev\jh t2\jh sdl default\debug\gameobject.obj
d:\game engine dev\jh t2\jh sdl default\debug\game.obj
d:\game engine dev\jh t2\jh sdl default\debug\eventmanager.obj
d:\game engine dev\s210105 game engine\jh sdl default\debug\vc142.pdb
d:\game engine dev\s210105 game engine\jh sdl default\debug\vc142.idb
d:\game engine dev\s210105 game engine\jh sdl default\debug\system.obj
d:\game engine dev\s210105 game engine\jh sdl default\debug\screenmanager.obj
d:\game engine dev\s210105 game engine\jh sdl default\debug\resourcemanager.obj
d:\game engine dev\s210105 game engine\jh sdl default\debug\main.obj
d:\game engine dev\s210105 game engine\jh sdl default\debug\objectmanager.obj
d:\game engine dev\s210105 game engine\jh sdl default\debug\input.obj
d:\game engine dev\s210105 game engine\jh sdl default\debug\events.obj
d:\game engine dev\s210105 game engine\jh sdl default\debug\gameobject.obj
d:\game engine dev\s210105 game engine\jh sdl default\debug\game.obj
d:\game engine dev\s210105 game engine\jh sdl default\debug\eventmanager.obj
d:\game engine dev\jh t2\jh sdl default\debug\s210105 game engine.ilk
d:\game engine dev\jh t2\debug\s210105 game engine.exe
d:\game engine dev\jh t2\debug\s210105 game engine.pdb
d:\game engine dev\s210105 game engine\debug\s210105 game engine.exe
d:\game engine dev\s210105 game engine\jh sdl default\debug\s210105 game engine.ilk
d:\game engine dev\s210105 game engine\debug\s210105 game engine.pdb
d:\game engine dev\s210105 game engine\jh sdl default\debug\bitmap.obj
d:\game engine dev\s210105 game engine\jh sdl default\debug\i_updateable.obj
d:\game engine dev\s210105 game engine\jh sdl default\debug\jh sdl default.ilk
d:\game engine dev\s210105 game engine\jh sdl default\debug\jh t1 ex1.ilk
d:\game engine dev\s210105 game engine\jh sdl default\debug\jh t1 ex2.ilk
d:\game engine dev\s210105 game engine\jh sdl default\debug\jh t2.ilk
d:\game engine dev\s210105 game engine\jh sdl default\debug\s210105 .ce281397.tlog\cl.command.1.tlog
d:\game engine dev\s210105 game engine\jh sdl default\debug\s210105 .ce281397.tlog\cl.read.1.tlog
d:\game engine dev\s210105 game engine\jh sdl default\debug\s210105 .ce281397.tlog\cl.write.1.tlog
d:\game engine dev\s210105 game engine\jh sdl default\debug\s210105 .ce281397.tlog\link.command.1.tlog
d:\game engine dev\s210105 game engine\jh sdl default\debug\s210105 .ce281397.tlog\link.read.1.tlog
d:\game engine dev\s210105 game engine\jh sdl default\debug\s210105 .ce281397.tlog\link.write.1.tlog
